| Package | User/Org. | Repository | Documentation | |
| --- | --- | --- | --- | --- |
| **[Dagger.jl](#dagger-jl)** | **`@JuliaParallel`** | [![GitHub](https://img.shields.io/github/stars/JuliaParallel/Dagger.jl?style=social)][Dagger.jl-code] | [![Documentation](https://img.shields.io/badge/docs-Dagger.jl-blue.svg)][Dagger.jl-docs] | distributed |
| **[FLoops.jl](#floops-jl)** | **`@JuliaFolds`** | [![GitHub](https://img.shields.io/github/stars/JuliaFolds/FLoops.jl?style=social)][FLoops.jl-code] | [![Documentation](https://img.shields.io/badge/docs-FLoops.jl-blue.svg)][FLoops.jl-docs] | threaded, distributed |
| **[KissThreading.jl](#kissthreading-jl)** | **`@mohamed82008`** | [![GitHub](https://img.shields.io/github/stars/mohamed82008/KissThreading.jl?style=social)][KissThreading.jl-code] |  | threaded |
| **[ParallelStencil.jl](#parallelstencil-jl)** | **`@omlins`** | [![GitHub](https://img.shields.io/github/stars/omlins/ParallelStencil.jl?style=social)][ParallelStencil.jl-code] | [![Documentation](https://img.shields.io/badge/docs-ParallelStencil.jl-blue.svg)][ParallelStencil.jl-docs] | threaded, distributed, GPU |
| **[Parallelism.jl](#parallelism-jl)** | **`@invenia`** | [![GitHub](https://img.shields.io/github/stars/invenia/Parallelism.jl?style=social)][Parallelism.jl-code] | [![Documentation](https://img.shields.io/badge/docs-Parallelism.jl-blue.svg)][Parallelism.jl-docs] | threaded |
| **[Strided.jl](#strided-jl)** | **`@Jutho`** | [![GitHub](https://img.shields.io/github/stars/Jutho/Strided.jl?style=social)][Strided.jl-code] |  | threaded |
| **[TensorOperations.jl](#tensoroperations-jl)** | **`@Jutho`** | [![GitHub](https://img.shields.io/github/stars/Jutho/TensorOperations.jl?style=social)][TensorOperations.jl-code] | [![Documentation](https://img.shields.io/badge/docs-TensorOperations.jl-blue.svg)][TensorOperations.jl-docs] | threaded, GPU |
| **[ThreadPools.jl](#threadpools-jl)** | **`@tro3`** | [![GitHub](https://img.shields.io/github/stars/tro3/ThreadPools.jl?style=social)][ThreadPools.jl-code] | [![Documentation](https://img.shields.io/badge/docs-ThreadPools.jl-blue.svg)][ThreadPools.jl-docs] | threaded |
| **[ThreadTools.jl](#threadtools-jl)** | **`@baggepinnen`** | [![GitHub](https://img.shields.io/github/stars/baggepinnen/ThreadTools.jl?style=social)][ThreadTools.jl-code] | [![Documentation](https://img.shields.io/badge/docs-ThreadTools.jl-blue.svg)][ThreadTools.jl-docs] | threaded |
| **[ThreadsX.jl](#threadsx-jl)** | **`@tkf`** | [![GitHub](https://img.shields.io/github/stars/tkf/ThreadsX.jl?style=social)][ThreadsX.jl-code] | [![Documentation](https://img.shields.io/badge/docs-ThreadsX.jl-blue.svg)][ThreadsX.jl-docs] | threaded |
| **[Transducers.jl](#transducers-jl)** | **`@JuliaFolds`** | [![GitHub](https://img.shields.io/github/stars/JuliaFolds/Transducers.jl?style=social)][Transducers.jl-code] | [![Documentation](https://img.shields.io/badge/docs-Transducers.jl-blue.svg)][Transducers.jl-docs] | threaded, distributed |
| **[Tullio.jl](#tullio-jl)** | **`@mcabbott`** | [![GitHub](https://img.shields.io/github/stars/mcabbott/Tullio.jl?style=social)][Tullio.jl-code] |  | threaded, GPU |

[Dagger.jl-code]: https://github.com/JuliaParallel/Dagger.jl
[Dagger.jl-docs]: https://JuliaParallel.github.io/Dagger.jl/stable/
[FLoops.jl-code]: https://github.com/JuliaFolds/FLoops.jl
[FLoops.jl-docs]: https://JuliaFolds.github.io/FLoops.jl/stable/
[KissThreading.jl-code]: https://github.com/mohamed82008/KissThreading.jl
[KissThreading.jl-docs]: nothing
[ParallelStencil.jl-code]: https://github.com/omlins/ParallelStencil.jl
[ParallelStencil.jl-docs]: https://github.com/omlins/ParallelStencil.jl#contents
[Parallelism.jl-code]: https://github.com/invenia/Parallelism.jl
[Parallelism.jl-docs]: https://invenia.github.io/Parallelism.jl/stable/
[Strided.jl-code]: https://github.com/Jutho/Strided.jl
[Strided.jl-docs]: nothing
[TensorOperations.jl-code]: https://github.com/Jutho/TensorOperations.jl
[TensorOperations.jl-docs]: https://Jutho.github.io/TensorOperations.jl/stable/
[ThreadPools.jl-code]: https://github.com/tro3/ThreadPools.jl
[ThreadPools.jl-docs]: https://tro3.github.io/ThreadPools.jl/
[ThreadTools.jl-code]: https://github.com/baggepinnen/ThreadTools.jl
[ThreadTools.jl-docs]: https://baggepinnen.github.io/ThreadTools.jl/stable/
[ThreadsX.jl-code]: https://github.com/tkf/ThreadsX.jl
[ThreadsX.jl-docs]: https://tkf.github.io/ThreadsX.jl/stable/
[Transducers.jl-code]: https://github.com/JuliaFolds/Transducers.jl
[Transducers.jl-docs]: https://JuliaFolds.github.io/Transducers.jl/stable/
[Tullio.jl-code]: https://github.com/mcabbott/Tullio.jl
[Tullio.jl-docs]: nothing
